mode: set
github.com/LUSHDigital/adyen-api-go/environment.go:38.40,40.2 1 1
github.com/LUSHDigital/adyen-api-go/environment.go:43.83,44.39 1 1
github.com/LUSHDigital/adyen-api-go/environment.go:48.2,51.15 4 1
github.com/LUSHDigital/adyen-api-go/environment.go:44.39,47.3 2 1
github.com/LUSHDigital/adyen-api-go/environment.go:55.69,57.2 1 1
github.com/LUSHDigital/adyen-api-go/environment.go:60.56,62.2 1 1
github.com/LUSHDigital/adyen-api-go/environment.go:65.52,67.2 1 1
github.com/LUSHDigital/adyen-api-go/environment.go:70.73,72.2 1 1
github.com/LUSHDigital/adyen-api-go/amount.go:46.57,48.9 2 1
github.com/LUSHDigital/adyen-api-go/amount.go:52.2,52.19 1 1
github.com/LUSHDigital/adyen-api-go/amount.go:59.2,64.3 2 1
github.com/LUSHDigital/adyen-api-go/amount.go:48.9,50.3 1 1
github.com/LUSHDigital/adyen-api-go/amount.go:52.19,57.3 1 1
github.com/LUSHDigital/adyen-api-go/boolean.go:13.40,16.2 2 0
github.com/LUSHDigital/adyen-api-go/boolean.go:19.61,20.75 1 1
github.com/LUSHDigital/adyen-api-go/boolean.go:24.2,25.16 2 1
github.com/LUSHDigital/adyen-api-go/boolean.go:29.2,30.8 2 1
github.com/LUSHDigital/adyen-api-go/boolean.go:20.75,22.3 1 1
github.com/LUSHDigital/adyen-api-go/boolean.go:25.16,27.3 1 1
github.com/LUSHDigital/adyen-api-go/boolean.go:34.51,38.16 3 1
github.com/LUSHDigital/adyen-api-go/boolean.go:44.2,44.32 1 1
github.com/LUSHDigital/adyen-api-go/boolean.go:38.16,40.3 1 1
github.com/LUSHDigital/adyen-api-go/boolean.go:40.8,42.3 1 1
github.com/LUSHDigital/adyen-api-go/signature.go:16.47,21.2 3 1
github.com/LUSHDigital/adyen-api-go/signature.go:26.73,27.81 1 1
github.com/LUSHDigital/adyen-api-go/signature.go:31.2,56.16 5 1
github.com/LUSHDigital/adyen-api-go/signature.go:60.2,61.56 2 1
github.com/LUSHDigital/adyen-api-go/signature.go:65.2,66.12 2 1
github.com/LUSHDigital/adyen-api-go/signature.go:27.81,29.3 1 1
github.com/LUSHDigital/adyen-api-go/signature.go:56.16,58.3 1 0
github.com/LUSHDigital/adyen-api-go/signature.go:61.56,63.3 1 0
github.com/LUSHDigital/adyen-api-go/signature.go:72.65,73.81 1 1
github.com/LUSHDigital/adyen-api-go/signature.go:77.2,108.16 5 1
github.com/LUSHDigital/adyen-api-go/signature.go:112.2,113.56 2 1
github.com/LUSHDigital/adyen-api-go/signature.go:117.2,118.12 2 1
github.com/LUSHDigital/adyen-api-go/signature.go:73.81,75.3 1 0
github.com/LUSHDigital/adyen-api-go/signature.go:108.16,110.3 1 0
github.com/LUSHDigital/adyen-api-go/signature.go:113.56,115.3 1 0
github.com/LUSHDigital/adyen-api-go/checkout_gateway.go:20.45,22.2 1 1
github.com/LUSHDigital/adyen-api-go/checkout_gateway.go:27.96,31.16 3 1
github.com/LUSHDigital/adyen-api-go/checkout_gateway.go:35.2,35.30 1 1
github.com/LUSHDigital/adyen-api-go/checkout_gateway.go:31.16,33.3 1 0
github.com/LUSHDigital/adyen-api-go/checkout_gateway.go:39.75,44.16 4 0
github.com/LUSHDigital/adyen-api-go/checkout_gateway.go:48.2,48.23 1 0
github.com/LUSHDigital/adyen-api-go/checkout_gateway.go:44.16,46.3 1 0
github.com/LUSHDigital/adyen-api-go/checkout_gateway.go:52.96,56.16 3 0
github.com/LUSHDigital/adyen-api-go/checkout_gateway.go:60.2,60.30 1 0
github.com/LUSHDigital/adyen-api-go/checkout_gateway.go:56.16,58.3 1 0
github.com/LUSHDigital/adyen-api-go/modification_gateway.go:19.79,24.16 3 0
github.com/LUSHDigital/adyen-api-go/modification_gateway.go:28.2,28.23 1 0
github.com/LUSHDigital/adyen-api-go/modification_gateway.go:24.16,26.3 1 0
github.com/LUSHDigital/adyen-api-go/modification_gateway.go:32.76,37.16 3 0
github.com/LUSHDigital/adyen-api-go/modification_gateway.go:41.2,41.22 1 0
github.com/LUSHDigital/adyen-api-go/modification_gateway.go:37.16,39.3 1 0
github.com/LUSHDigital/adyen-api-go/modification_gateway.go:46.92,51.16 3 0
github.com/LUSHDigital/adyen-api-go/modification_gateway.go:55.2,55.30 1 0
github.com/LUSHDigital/adyen-api-go/modification_gateway.go:51.16,53.3 1 0
github.com/LUSHDigital/adyen-api-go/modification_gateway.go:59.76,64.16 3 0
github.com/LUSHDigital/adyen-api-go/modification_gateway.go:68.2,68.22 1 0
github.com/LUSHDigital/adyen-api-go/modification_gateway.go:64.16,66.3 1 0
github.com/LUSHDigital/adyen-api-go/modification_gateway.go:74.115,79.16 3 0
github.com/LUSHDigital/adyen-api-go/modification_gateway.go:83.2,83.35 1 0
github.com/LUSHDigital/adyen-api-go/modification_gateway.go:79.16,81.3 1 0
github.com/LUSHDigital/adyen-api-go/modification_gateway.go:89.103,94.16 3 0
github.com/LUSHDigital/adyen-api-go/modification_gateway.go:98.2,98.31 1 0
github.com/LUSHDigital/adyen-api-go/modification_gateway.go:94.16,96.3 1 0
github.com/LUSHDigital/adyen-api-go/response.go:26.44,28.54 2 1
github.com/LUSHDigital/adyen-api-go/response.go:32.2,32.42 1 1
github.com/LUSHDigital/adyen-api-go/response.go:36.2,36.12 1 1
github.com/LUSHDigital/adyen-api-go/response.go:28.54,30.3 1 1
github.com/LUSHDigital/adyen-api-go/response.go:32.42,34.3 1 1
github.com/LUSHDigital/adyen-api-go/response.go:40.34,42.2 1 1
github.com/LUSHDigital/adyen-api-go/response.go:45.60,47.51 2 1
github.com/LUSHDigital/adyen-api-go/response.go:51.2,51.16 1 1
github.com/LUSHDigital/adyen-api-go/response.go:47.51,49.3 1 1
github.com/LUSHDigital/adyen-api-go/response.go:55.56,57.51 2 1
github.com/LUSHDigital/adyen-api-go/response.go:61.2,61.16 1 1
github.com/LUSHDigital/adyen-api-go/response.go:57.51,59.3 1 1
github.com/LUSHDigital/adyen-api-go/response.go:65.54,67.51 2 1
github.com/LUSHDigital/adyen-api-go/response.go:71.2,71.16 1 1
github.com/LUSHDigital/adyen-api-go/response.go:67.51,69.3 1 1
github.com/LUSHDigital/adyen-api-go/response.go:75.70,77.51 2 1
github.com/LUSHDigital/adyen-api-go/response.go:81.2,81.16 1 1
github.com/LUSHDigital/adyen-api-go/response.go:77.51,79.3 1 1
github.com/LUSHDigital/adyen-api-go/response.go:85.54,87.51 2 1
github.com/LUSHDigital/adyen-api-go/response.go:91.2,91.16 1 1
github.com/LUSHDigital/adyen-api-go/response.go:87.51,89.3 1 1
github.com/LUSHDigital/adyen-api-go/response.go:95.80,97.51 2 1
github.com/LUSHDigital/adyen-api-go/response.go:101.2,101.16 1 1
github.com/LUSHDigital/adyen-api-go/response.go:97.51,99.3 1 1
github.com/LUSHDigital/adyen-api-go/response.go:105.72,107.51 2 1
github.com/LUSHDigital/adyen-api-go/response.go:111.2,111.16 1 1
github.com/LUSHDigital/adyen-api-go/response.go:107.51,109.3 1 1
github.com/LUSHDigital/adyen-api-go/response.go:115.72,117.51 2 1
github.com/LUSHDigital/adyen-api-go/response.go:121.2,121.16 1 1
github.com/LUSHDigital/adyen-api-go/response.go:117.51,119.3 1 0
github.com/LUSHDigital/adyen-api-go/response.go:125.76,127.51 2 1
github.com/LUSHDigital/adyen-api-go/response.go:131.2,131.16 1 1
github.com/LUSHDigital/adyen-api-go/response.go:127.51,129.3 1 1
github.com/LUSHDigital/adyen-api-go/response.go:137.74,139.51 2 1
github.com/LUSHDigital/adyen-api-go/response.go:143.2,143.16 1 1
github.com/LUSHDigital/adyen-api-go/response.go:139.51,141.3 1 1
github.com/LUSHDigital/adyen-api-go/response.go:147.70,149.51 2 1
github.com/LUSHDigital/adyen-api-go/response.go:153.2,153.16 1 1
github.com/LUSHDigital/adyen-api-go/response.go:149.51,151.3 1 0
github.com/LUSHDigital/adyen-api-go/response.go:156.56,159.50 3 0
github.com/LUSHDigital/adyen-api-go/response.go:163.2,163.15 1 0
github.com/LUSHDigital/adyen-api-go/response.go:159.50,161.3 1 0
github.com/LUSHDigital/adyen-api-go/response.go:166.70,168.50 2 0
github.com/LUSHDigital/adyen-api-go/response.go:172.2,172.15 1 0
github.com/LUSHDigital/adyen-api-go/response.go:168.50,170.3 1 0
github.com/LUSHDigital/adyen-api-go/credetials.go:22.69,27.2 1 0
github.com/LUSHDigital/adyen-api-go/payment_gateway.go:39.98,43.16 3 0
github.com/LUSHDigital/adyen-api-go/payment_gateway.go:47.2,47.25 1 0
github.com/LUSHDigital/adyen-api-go/payment_gateway.go:43.16,45.3 1 0
github.com/LUSHDigital/adyen-api-go/payment_gateway.go:57.80,61.16 3 1
github.com/LUSHDigital/adyen-api-go/payment_gateway.go:65.2,65.25 1 0
github.com/LUSHDigital/adyen-api-go/payment_gateway.go:61.16,63.3 1 1
github.com/LUSHDigital/adyen-api-go/payment_gateway.go:71.105,75.16 2 1
github.com/LUSHDigital/adyen-api-go/payment_gateway.go:79.2,86.16 5 1
github.com/LUSHDigital/adyen-api-go/payment_gateway.go:90.2,90.31 1 1
github.com/LUSHDigital/adyen-api-go/payment_gateway.go:75.16,77.3 1 1
github.com/LUSHDigital/adyen-api-go/payment_gateway.go:86.16,88.3 1 0
github.com/LUSHDigital/adyen-api-go/payment_gateway.go:97.81,99.56 1 0
github.com/LUSHDigital/adyen-api-go/payment_gateway.go:103.2,108.17 4 0
github.com/LUSHDigital/adyen-api-go/payment_gateway.go:99.56,101.3 1 0
github.com/LUSHDigital/adyen-api-go/payment_gateway.go:112.84,117.16 3 0
github.com/LUSHDigital/adyen-api-go/payment_gateway.go:121.2,121.25 1 0
github.com/LUSHDigital/adyen-api-go/payment_gateway.go:117.16,119.3 1 0
github.com/LUSHDigital/adyen-api-go/recurring_gateway.go:16.112,21.16 3 0
github.com/LUSHDigital/adyen-api-go/recurring_gateway.go:25.2,25.36 1 0
github.com/LUSHDigital/adyen-api-go/recurring_gateway.go:21.16,23.3 1 0
github.com/LUSHDigital/adyen-api-go/recurring_gateway.go:29.110,34.16 3 0
github.com/LUSHDigital/adyen-api-go/recurring_gateway.go:38.2,38.32 1 0
github.com/LUSHDigital/adyen-api-go/recurring_gateway.go:34.16,36.3 1 0
github.com/LUSHDigital/adyen-api-go/adyen.go:61.82,69.2 2 1
github.com/LUSHDigital/adyen-api-go/adyen.go:80.73,89.17 3 1
github.com/LUSHDigital/adyen-api-go/adyen.go:95.2,95.11 1 1
github.com/LUSHDigital/adyen-api-go/adyen.go:89.17,90.28 1 1
github.com/LUSHDigital/adyen-api-go/adyen.go:90.28,92.4 1 1
github.com/LUSHDigital/adyen-api-go/adyen.go:103.48,104.24 1 1
github.com/LUSHDigital/adyen-api-go/adyen.go:104.24,106.3 1 1
github.com/LUSHDigital/adyen-api-go/adyen.go:110.62,111.24 1 0
github.com/LUSHDigital/adyen-api-go/adyen.go:111.24,113.3 1 0
github.com/LUSHDigital/adyen-api-go/adyen.go:117.42,118.24 1 1
github.com/LUSHDigital/adyen-api-go/adyen.go:118.24,120.3 1 1
github.com/LUSHDigital/adyen-api-go/adyen.go:126.51,128.2 1 0
github.com/LUSHDigital/adyen-api-go/adyen.go:131.74,133.2 1 1
github.com/LUSHDigital/adyen-api-go/adyen.go:136.57,138.2 1 1
github.com/LUSHDigital/adyen-api-go/adyen.go:141.68,143.2 1 1
github.com/LUSHDigital/adyen-api-go/adyen.go:145.86,147.16 2 1
github.com/LUSHDigital/adyen-api-go/adyen.go:151.2,152.16 2 1
github.com/LUSHDigital/adyen-api-go/adyen.go:156.2,159.16 3 1
github.com/LUSHDigital/adyen-api-go/adyen.go:163.2,163.15 1 1
github.com/LUSHDigital/adyen-api-go/adyen.go:169.2,170.50 2 1
github.com/LUSHDigital/adyen-api-go/adyen.go:175.2,180.43 2 1
github.com/LUSHDigital/adyen-api-go/adyen.go:184.2,184.15 1 0
github.com/LUSHDigital/adyen-api-go/adyen.go:147.16,149.3 1 0
github.com/LUSHDigital/adyen-api-go/adyen.go:152.16,154.3 1 0
github.com/LUSHDigital/adyen-api-go/adyen.go:159.16,161.3 1 0
github.com/LUSHDigital/adyen-api-go/adyen.go:163.15,164.45 1 1
github.com/LUSHDigital/adyen-api-go/adyen.go:164.45,166.4 1 0
github.com/LUSHDigital/adyen-api-go/adyen.go:170.50,172.3 1 0
github.com/LUSHDigital/adyen-api-go/adyen.go:180.43,182.3 1 1
github.com/LUSHDigital/adyen-api-go/adyen.go:191.95,193.16 2 1
github.com/LUSHDigital/adyen-api-go/adyen.go:197.2,198.16 2 1
github.com/LUSHDigital/adyen-api-go/adyen.go:202.2,208.16 4 1
github.com/LUSHDigital/adyen-api-go/adyen.go:212.2,212.15 1 1
github.com/LUSHDigital/adyen-api-go/adyen.go:218.2,219.50 2 1
github.com/LUSHDigital/adyen-api-go/adyen.go:224.2,229.43 2 1
github.com/LUSHDigital/adyen-api-go/adyen.go:233.2,233.8 1 1
github.com/LUSHDigital/adyen-api-go/adyen.go:193.16,195.3 1 0
github.com/LUSHDigital/adyen-api-go/adyen.go:198.16,200.3 1 0
github.com/LUSHDigital/adyen-api-go/adyen.go:208.16,210.3 1 0
github.com/LUSHDigital/adyen-api-go/adyen.go:212.15,213.45 1 1
github.com/LUSHDigital/adyen-api-go/adyen.go:213.45,215.4 1 0
github.com/LUSHDigital/adyen-api-go/adyen.go:219.50,221.3 1 0
github.com/LUSHDigital/adyen-api-go/adyen.go:229.43,231.3 1 0
github.com/LUSHDigital/adyen-api-go/adyen.go:239.92,241.16 2 1
github.com/LUSHDigital/adyen-api-go/adyen.go:245.2,247.16 2 1
github.com/LUSHDigital/adyen-api-go/adyen.go:250.2,250.15 1 1
github.com/LUSHDigital/adyen-api-go/adyen.go:256.2,257.50 2 1
github.com/LUSHDigital/adyen-api-go/adyen.go:261.2,266.8 2 1
github.com/LUSHDigital/adyen-api-go/adyen.go:241.16,243.3 1 0
github.com/LUSHDigital/adyen-api-go/adyen.go:247.16,249.3 1 0
github.com/LUSHDigital/adyen-api-go/adyen.go:250.15,251.45 1 1
github.com/LUSHDigital/adyen-api-go/adyen.go:251.45,253.4 1 0
github.com/LUSHDigital/adyen-api-go/adyen.go:257.50,259.3 1 0
github.com/LUSHDigital/adyen-api-go/adyen.go:270.43,272.2 1 1
github.com/LUSHDigital/adyen-api-go/adyen.go:275.53,277.2 1 0
github.com/LUSHDigital/adyen-api-go/adyen.go:280.47,282.2 1 0
