mode: set
github.com/LUSHDigital/adyen-api-go/credetials.go:22.69,27.2 1 0
github.com/LUSHDigital/adyen-api-go/modification_gateway.go:19.79,24.16 3 0
github.com/LUSHDigital/adyen-api-go/modification_gateway.go:28.2,28.23 1 0
github.com/LUSHDigital/adyen-api-go/modification_gateway.go:24.16,26.3 1 0
github.com/LUSHDigital/adyen-api-go/modification_gateway.go:32.76,37.16 3 0
github.com/LUSHDigital/adyen-api-go/modification_gateway.go:41.2,41.22 1 0
github.com/LUSHDigital/adyen-api-go/modification_gateway.go:37.16,39.3 1 0
github.com/LUSHDigital/adyen-api-go/modification_gateway.go:46.92,51.16 3 0
github.com/LUSHDigital/adyen-api-go/modification_gateway.go:55.2,55.30 1 0
github.com/LUSHDigital/adyen-api-go/modification_gateway.go:51.16,53.3 1 0
github.com/LUSHDigital/adyen-api-go/modification_gateway.go:59.76,64.16 3 0
github.com/LUSHDigital/adyen-api-go/modification_gateway.go:68.2,68.22 1 0
github.com/LUSHDigital/adyen-api-go/modification_gateway.go:64.16,66.3 1 0
github.com/LUSHDigital/adyen-api-go/modification_gateway.go:74.115,79.16 3 0
github.com/LUSHDigital/adyen-api-go/modification_gateway.go:83.2,83.35 1 0
github.com/LUSHDigital/adyen-api-go/modification_gateway.go:79.16,81.3 1 0
github.com/LUSHDigital/adyen-api-go/modification_gateway.go:89.103,94.16 3 0
github.com/LUSHDigital/adyen-api-go/modification_gateway.go:98.2,98.31 1 0
github.com/LUSHDigital/adyen-api-go/modification_gateway.go:94.16,96.3 1 0
github.com/LUSHDigital/adyen-api-go/payment_gateway.go:39.98,43.16 3 0
github.com/LUSHDigital/adyen-api-go/payment_gateway.go:47.2,47.25 1 0
github.com/LUSHDigital/adyen-api-go/payment_gateway.go:43.16,45.3 1 0
github.com/LUSHDigital/adyen-api-go/payment_gateway.go:57.80,61.16 3 1
github.com/LUSHDigital/adyen-api-go/payment_gateway.go:65.2,65.25 1 1
github.com/LUSHDigital/adyen-api-go/payment_gateway.go:61.16,63.3 1 1
github.com/LUSHDigital/adyen-api-go/payment_gateway.go:71.105,75.16 2 1
github.com/LUSHDigital/adyen-api-go/payment_gateway.go:79.2,86.16 5 1
github.com/LUSHDigital/adyen-api-go/payment_gateway.go:90.2,90.31 1 1
github.com/LUSHDigital/adyen-api-go/payment_gateway.go:75.16,77.3 1 1
github.com/LUSHDigital/adyen-api-go/payment_gateway.go:86.16,88.3 1 0
github.com/LUSHDigital/adyen-api-go/payment_gateway.go:97.81,99.56 1 0
github.com/LUSHDigital/adyen-api-go/payment_gateway.go:103.2,108.17 4 0
github.com/LUSHDigital/adyen-api-go/payment_gateway.go:99.56,101.3 1 0
github.com/LUSHDigital/adyen-api-go/payment_gateway.go:112.84,117.16 3 0
github.com/LUSHDigital/adyen-api-go/payment_gateway.go:121.2,121.25 1 0
github.com/LUSHDigital/adyen-api-go/payment_gateway.go:117.16,119.3 1 0
github.com/LUSHDigital/adyen-api-go/signature.go:16.47,21.2 3 1
github.com/LUSHDigital/adyen-api-go/signature.go:26.73,27.81 1 1
github.com/LUSHDigital/adyen-api-go/signature.go:31.2,56.16 5 1
github.com/LUSHDigital/adyen-api-go/signature.go:60.2,61.56 2 1
github.com/LUSHDigital/adyen-api-go/signature.go:65.2,66.12 2 1
github.com/LUSHDigital/adyen-api-go/signature.go:27.81,29.3 1 1
github.com/LUSHDigital/adyen-api-go/signature.go:56.16,58.3 1 0
github.com/LUSHDigital/adyen-api-go/signature.go:61.56,63.3 1 0
github.com/LUSHDigital/adyen-api-go/signature.go:72.65,73.81 1 1
github.com/LUSHDigital/adyen-api-go/signature.go:77.2,108.16 5 1
github.com/LUSHDigital/adyen-api-go/signature.go:112.2,113.56 2 1
github.com/LUSHDigital/adyen-api-go/signature.go:117.2,118.12 2 1
github.com/LUSHDigital/adyen-api-go/signature.go:73.81,75.3 1 0
github.com/LUSHDigital/adyen-api-go/signature.go:108.16,110.3 1 0
github.com/LUSHDigital/adyen-api-go/signature.go:113.56,115.3 1 0
github.com/LUSHDigital/adyen-api-go/boolean.go:13.40,16.2 2 0
github.com/LUSHDigital/adyen-api-go/boolean.go:19.61,20.75 1 1
github.com/LUSHDigital/adyen-api-go/boolean.go:24.2,25.16 2 1
github.com/LUSHDigital/adyen-api-go/boolean.go:29.2,30.8 2 1
github.com/LUSHDigital/adyen-api-go/boolean.go:20.75,22.3 1 1
github.com/LUSHDigital/adyen-api-go/boolean.go:25.16,27.3 1 1
github.com/LUSHDigital/adyen-api-go/boolean.go:34.51,38.16 3 1
github.com/LUSHDigital/adyen-api-go/boolean.go:44.2,44.32 1 1
github.com/LUSHDigital/adyen-api-go/boolean.go:38.16,40.3 1 1
github.com/LUSHDigital/adyen-api-go/boolean.go:40.8,42.3 1 1
github.com/LUSHDigital/adyen-api-go/amount.go:46.57,48.9 2 1
github.com/LUSHDigital/adyen-api-go/amount.go:52.2,52.19 1 1
github.com/LUSHDigital/adyen-api-go/amount.go:59.2,64.3 2 1
github.com/LUSHDigital/adyen-api-go/amount.go:48.9,50.3 1 1
github.com/LUSHDigital/adyen-api-go/amount.go:52.19,57.3 1 1
github.com/LUSHDigital/adyen-api-go/response.go:26.44,28.54 2 1
github.com/LUSHDigital/adyen-api-go/response.go:32.2,32.42 1 1
github.com/LUSHDigital/adyen-api-go/response.go:36.2,36.12 1 1
github.com/LUSHDigital/adyen-api-go/response.go:28.54,30.3 1 1
github.com/LUSHDigital/adyen-api-go/response.go:32.42,34.3 1 1
github.com/LUSHDigital/adyen-api-go/response.go:40.34,42.2 1 1
github.com/LUSHDigital/adyen-api-go/response.go:45.60,47.51 2 1
github.com/LUSHDigital/adyen-api-go/response.go:51.2,51.16 1 1
github.com/LUSHDigital/adyen-api-go/response.go:47.51,49.3 1 1
github.com/LUSHDigital/adyen-api-go/response.go:55.56,57.51 2 1
github.com/LUSHDigital/adyen-api-go/response.go:61.2,61.16 1 1
github.com/LUSHDigital/adyen-api-go/response.go:57.51,59.3 1 1
github.com/LUSHDigital/adyen-api-go/response.go:65.54,67.51 2 1
github.com/LUSHDigital/adyen-api-go/response.go:71.2,71.16 1 1
github.com/LUSHDigital/adyen-api-go/response.go:67.51,69.3 1 1
github.com/LUSHDigital/adyen-api-go/response.go:75.70,77.51 2 1
github.com/LUSHDigital/adyen-api-go/response.go:81.2,81.16 1 1
github.com/LUSHDigital/adyen-api-go/response.go:77.51,79.3 1 1
github.com/LUSHDigital/adyen-api-go/response.go:85.54,87.51 2 1
github.com/LUSHDigital/adyen-api-go/response.go:91.2,91.16 1 1
github.com/LUSHDigital/adyen-api-go/response.go:87.51,89.3 1 1
github.com/LUSHDigital/adyen-api-go/response.go:95.80,97.51 2 1
github.com/LUSHDigital/adyen-api-go/response.go:101.2,101.16 1 1
github.com/LUSHDigital/adyen-api-go/response.go:97.51,99.3 1 1
github.com/LUSHDigital/adyen-api-go/response.go:105.72,107.51 2 1
github.com/LUSHDigital/adyen-api-go/response.go:111.2,111.16 1 1
github.com/LUSHDigital/adyen-api-go/response.go:107.51,109.3 1 1
github.com/LUSHDigital/adyen-api-go/response.go:115.72,117.51 2 1
github.com/LUSHDigital/adyen-api-go/response.go:121.2,121.16 1 1
github.com/LUSHDigital/adyen-api-go/response.go:117.51,119.3 1 0
github.com/LUSHDigital/adyen-api-go/response.go:125.76,127.51 2 1
github.com/LUSHDigital/adyen-api-go/response.go:131.2,131.16 1 1
github.com/LUSHDigital/adyen-api-go/response.go:127.51,129.3 1 1
github.com/LUSHDigital/adyen-api-go/response.go:137.74,139.51 2 1
github.com/LUSHDigital/adyen-api-go/response.go:143.2,143.16 1 1
github.com/LUSHDigital/adyen-api-go/response.go:139.51,141.3 1 1
github.com/LUSHDigital/adyen-api-go/response.go:147.70,149.51 2 1
github.com/LUSHDigital/adyen-api-go/response.go:153.2,153.16 1 1
github.com/LUSHDigital/adyen-api-go/response.go:149.51,151.3 1 0
github.com/LUSHDigital/adyen-api-go/response.go:156.56,159.50 3 0
github.com/LUSHDigital/adyen-api-go/response.go:163.2,163.15 1 0
github.com/LUSHDigital/adyen-api-go/response.go:159.50,161.3 1 0
github.com/LUSHDigital/adyen-api-go/response.go:166.70,168.50 2 0
github.com/LUSHDigital/adyen-api-go/response.go:172.2,172.15 1 0
github.com/LUSHDigital/adyen-api-go/response.go:168.50,170.3 1 0
github.com/LUSHDigital/adyen-api-go/recurring_gateway.go:16.112,21.16 3 0
github.com/LUSHDigital/adyen-api-go/recurring_gateway.go:25.2,25.36 1 0
github.com/LUSHDigital/adyen-api-go/recurring_gateway.go:21.16,23.3 1 0
github.com/LUSHDigital/adyen-api-go/recurring_gateway.go:29.110,34.16 3 0
github.com/LUSHDigital/adyen-api-go/recurring_gateway.go:38.2,38.32 1 0
github.com/LUSHDigital/adyen-api-go/recurring_gateway.go:34.16,36.3 1 0
github.com/LUSHDigital/adyen-api-go/checkout_gateway.go:20.45,22.2 1 1
github.com/LUSHDigital/adyen-api-go/checkout_gateway.go:27.96,31.16 3 1
github.com/LUSHDigital/adyen-api-go/checkout_gateway.go:35.2,35.30 1 1
github.com/LUSHDigital/adyen-api-go/checkout_gateway.go:31.16,33.3 1 0
github.com/LUSHDigital/adyen-api-go/checkout_gateway.go:39.75,44.16 4 0
github.com/LUSHDigital/adyen-api-go/checkout_gateway.go:48.2,48.23 1 0
github.com/LUSHDigital/adyen-api-go/checkout_gateway.go:44.16,46.3 1 0
github.com/LUSHDigital/adyen-api-go/checkout_gateway.go:52.96,56.16 3 0
github.com/LUSHDigital/adyen-api-go/checkout_gateway.go:60.2,60.30 1 0
github.com/LUSHDigital/adyen-api-go/checkout_gateway.go:56.16,58.3 1 0
github.com/LUSHDigital/adyen-api-go/environment.go:38.40,40.2 1 1
github.com/LUSHDigital/adyen-api-go/environment.go:43.83,44.39 1 1
github.com/LUSHDigital/adyen-api-go/environment.go:48.2,51.15 4 1
github.com/LUSHDigital/adyen-api-go/environment.go:44.39,47.3 2 1
github.com/LUSHDigital/adyen-api-go/environment.go:55.69,57.2 1 1
github.com/LUSHDigital/adyen-api-go/environment.go:60.56,62.2 1 1
github.com/LUSHDigital/adyen-api-go/environment.go:65.52,67.2 1 1
github.com/LUSHDigital/adyen-api-go/environment.go:70.73,72.2 1 1
github.com/LUSHDigital/adyen-api-go/adyen.go:61.94,70.2 2 0
github.com/LUSHDigital/adyen-api-go/adyen.go:81.56,88.17 2 1
github.com/LUSHDigital/adyen-api-go/adyen.go:94.2,94.11 1 1
github.com/LUSHDigital/adyen-api-go/adyen.go:88.17,89.28 1 1
github.com/LUSHDigital/adyen-api-go/adyen.go:89.28,91.4 1 1
github.com/LUSHDigital/adyen-api-go/adyen.go:102.48,103.24 1 1
github.com/LUSHDigital/adyen-api-go/adyen.go:103.24,105.3 1 1
github.com/LUSHDigital/adyen-api-go/adyen.go:109.62,110.24 1 0
github.com/LUSHDigital/adyen-api-go/adyen.go:110.24,112.3 1 0
github.com/LUSHDigital/adyen-api-go/adyen.go:116.42,117.24 1 1
github.com/LUSHDigital/adyen-api-go/adyen.go:117.24,119.3 1 1
github.com/LUSHDigital/adyen-api-go/adyen.go:125.51,127.2 1 0
github.com/LUSHDigital/adyen-api-go/adyen.go:130.74,132.2 1 1
github.com/LUSHDigital/adyen-api-go/adyen.go:135.57,137.2 1 1
github.com/LUSHDigital/adyen-api-go/adyen.go:140.68,142.2 1 1
github.com/LUSHDigital/adyen-api-go/adyen.go:144.86,146.16 2 1
github.com/LUSHDigital/adyen-api-go/adyen.go:150.2,151.16 2 1
github.com/LUSHDigital/adyen-api-go/adyen.go:155.2,159.16 4 1
github.com/LUSHDigital/adyen-api-go/adyen.go:163.2,163.15 1 1
github.com/LUSHDigital/adyen-api-go/adyen.go:169.2,170.50 2 1
github.com/LUSHDigital/adyen-api-go/adyen.go:174.2,179.43 2 1
github.com/LUSHDigital/adyen-api-go/adyen.go:183.2,183.15 1 1
github.com/LUSHDigital/adyen-api-go/adyen.go:146.16,148.3 1 0
github.com/LUSHDigital/adyen-api-go/adyen.go:151.16,153.3 1 0
github.com/LUSHDigital/adyen-api-go/adyen.go:159.16,161.3 1 0
github.com/LUSHDigital/adyen-api-go/adyen.go:163.15,164.45 1 1
github.com/LUSHDigital/adyen-api-go/adyen.go:164.45,166.4 1 0
github.com/LUSHDigital/adyen-api-go/adyen.go:170.50,172.3 1 0
github.com/LUSHDigital/adyen-api-go/adyen.go:179.43,181.3 1 1
github.com/LUSHDigital/adyen-api-go/adyen.go:190.95,192.16 2 1
github.com/LUSHDigital/adyen-api-go/adyen.go:196.2,197.16 2 1
github.com/LUSHDigital/adyen-api-go/adyen.go:201.2,207.16 4 1
github.com/LUSHDigital/adyen-api-go/adyen.go:211.2,211.15 1 1
github.com/LUSHDigital/adyen-api-go/adyen.go:217.2,218.50 2 1
github.com/LUSHDigital/adyen-api-go/adyen.go:222.2,227.43 2 1
github.com/LUSHDigital/adyen-api-go/adyen.go:231.2,231.8 1 1
github.com/LUSHDigital/adyen-api-go/adyen.go:192.16,194.3 1 0
github.com/LUSHDigital/adyen-api-go/adyen.go:197.16,199.3 1 0
github.com/LUSHDigital/adyen-api-go/adyen.go:207.16,209.3 1 0
github.com/LUSHDigital/adyen-api-go/adyen.go:211.15,212.45 1 1
github.com/LUSHDigital/adyen-api-go/adyen.go:212.45,214.4 1 0
github.com/LUSHDigital/adyen-api-go/adyen.go:218.50,220.3 1 0
github.com/LUSHDigital/adyen-api-go/adyen.go:227.43,229.3 1 0
github.com/LUSHDigital/adyen-api-go/adyen.go:237.92,239.16 2 1
github.com/LUSHDigital/adyen-api-go/adyen.go:243.2,245.16 2 1
github.com/LUSHDigital/adyen-api-go/adyen.go:248.2,248.15 1 1
github.com/LUSHDigital/adyen-api-go/adyen.go:254.2,255.50 2 1
github.com/LUSHDigital/adyen-api-go/adyen.go:259.2,264.8 2 1
github.com/LUSHDigital/adyen-api-go/adyen.go:239.16,241.3 1 0
github.com/LUSHDigital/adyen-api-go/adyen.go:245.16,247.3 1 0
github.com/LUSHDigital/adyen-api-go/adyen.go:248.15,249.45 1 1
github.com/LUSHDigital/adyen-api-go/adyen.go:249.45,251.4 1 0
github.com/LUSHDigital/adyen-api-go/adyen.go:255.50,257.3 1 0
github.com/LUSHDigital/adyen-api-go/adyen.go:268.43,270.2 1 1
github.com/LUSHDigital/adyen-api-go/adyen.go:273.53,275.2 1 0
github.com/LUSHDigital/adyen-api-go/adyen.go:278.47,280.2 1 0
